<?xml version="1.0" encoding="UTF-8"?>
<coverage generated="1730065656605" clover="3.2.0">
  <project timestamp="1730065656606" name="All files">
    <metrics statements="18" coveredstatements="7" conditionals="8" coveredconditionals="4" methods="3" coveredmethods="2" elements="29" coveredelements="13" complexity="0" loc="18" ncloc="18" packages="1" files="1" classes="1"/>
    <file name="quiz.js" path="E:\Web\Shap3er Quiz App\Shaper-Group-C-Quiz-App\js\quiz.js">
      <metrics statements="18" coveredstatements="7" conditionals="8" coveredconditionals="4" methods="3" coveredmethods="2"/>
      <line num="2" count="1" type="stmt"/>
      <line num="3" count="1" type="stmt"/>
      <line num="5" count="1" type="stmt"/>
      <line num="43" count="2" type="cond" truecount="3" falsecount="1"/>
      <line num="44" count="2" type="stmt"/>
      <line num="47" count="0" type="stmt"/>
      <line num="50" count="0" type="stmt"/>
      <line num="56" count="0" type="stmt"/>
      <line num="73" count="1" type="cond" truecount="1" falsecount="1"/>
      <line num="74" count="1" type="stmt"/>
      <line num="77" count="0" type="stmt"/>
      <line num="80" count="0" type="stmt"/>
      <line num="83" count="0" type="cond" truecount="0" falsecount="2"/>
      <line num="84" count="0" type="stmt"/>
      <line num="88" count="0" type="stmt"/>
      <line num="89" count="0" type="stmt"/>
      <line num="90" count="0" type="stmt"/>
      <line num="99" count="0" type="stmt"/>
    </file>
  </project>
</coverage>
