{"E:\\Web\\Shap3er Quiz App\\Shaper-Group-C-Quiz-App\\js\\quiz.js": {"path":"E:\\Web\\Shap3er Quiz App\\Shaper-Group-C-Quiz-App\\js\\quiz.js","statementMap":{"0":{"start":{"line":2,"column":12},"end":{"line":2,"column":13}},"1":{"start":{"line":3,"column":22},"end":{"line":3,"column":23}},"2":{"start":{"line":5,"column":16},"end":{"line":32,"column":1}},"3":{"start":{"line":43,"column":4},"end":{"line":45,"column":5}},"4":{"start":{"line":44,"column":8},"end":{"line":44,"column":51}},"5":{"start":{"line":47,"column":24},"end":{"line":47,"column":49}},"6":{"start":{"line":50,"column":8},"end":{"line":53,"column":10}},"7":{"start":{"line":56,"column":8},"end":{"line":56,"column":28}},"8":{"start":{"line":73,"column":4},"end":{"line":75,"column":5}},"9":{"start":{"line":74,"column":8},"end":{"line":74,"column":70}},"10":{"start":{"line":77,"column":24},"end":{"line":77,"column":49}},"11":{"start":{"line":80,"column":26},"end":{"line":80,"column":55}},"12":{"start":{"line":83,"column":4},"end":{"line":85,"column":5}},"13":{"start":{"line":84,"column":8},"end":{"line":84,"column":16}},"14":{"start":{"line":88,"column":4},"end":{"line":88,"column":22}},"15":{"start":{"line":89,"column":4},"end":{"line":89,"column":19}},"16":{"start":{"line":90,"column":4},"end":{"line":90,"column":17}},"17":{"start":{"line":99,"column":4},"end":{"line":99,"column":17}}},"fnMap":{"0":{"name":"loadQuestion","decl":{"start":{"line":35,"column":9},"end":{"line":35,"column":21}},"loc":{"start":{"line":35,"column":38},"end":{"line":57,"column":1}},"line":35},"1":{"name":"checkAnswer","decl":{"start":{"line":70,"column":9},"end":{"line":70,"column":20}},"loc":{"start":{"line":70,"column":42},"end":{"line":91,"column":1}},"line":70},"2":{"name":"displayScore","decl":{"start":{"line":96,"column":9},"end":{"line":96,"column":21}},"loc":{"start":{"line":96,"column":23},"end":{"line":100,"column":1}},"line":96}},"branchMap":{"0":{"loc":{"start":{"line":43,"column":4},"end":{"line":45,"column":5}},"type":"if","locations":[{"start":{"line":43,"column":4},"end":{"line":45,"column":5}},{"start":{},"end":{}}],"line":43},"1":{"loc":{"start":{"line":43,"column":8},"end":{"line":43,"column":65}},"type":"binary-expr","locations":[{"start":{"line":43,"column":8},"end":{"line":43,"column":27}},{"start":{"line":43,"column":31},"end":{"line":43,"column":65}}],"line":43},"2":{"loc":{"start":{"line":73,"column":4},"end":{"line":75,"column":5}},"type":"if","locations":[{"start":{"line":73,"column":4},"end":{"line":75,"column":5}},{"start":{},"end":{}}],"line":73},"3":{"loc":{"start":{"line":83,"column":4},"end":{"line":85,"column":5}},"type":"if","locations":[{"start":{"line":83,"column":4},"end":{"line":85,"column":5}},{"start":{},"end":{}}],"line":83}},"s":{"0":1,"1":1,"2":1,"3":2,"4":2,"5":0,"6":0,"7":0,"8":1,"9":1,"10":0,"11":0,"12":0,"13":0,"14":0,"15":0,"16":0,"17":0},"f":{"0":2,"1":1,"2":0},"b":{"0":[2,0],"1":[2,1],"2":[1,0],"3":[0,0]},"_coverageSchema":"1a1c01bbd47fc00a2c39e90264f33305004495a9","hash":"73645f47105458a48023648b0a85b31095c2cefe"}
}
