{"/Users/damacm196/Documents/QuizApp/js/quiz.js": {"path":"/Users/damacm196/Documents/QuizApp/js/quiz.js","statementMap":{"0":{"start":{"line":2,"column":12},"end":{"line":2,"column":13}},"1":{"start":{"line":3,"column":22},"end":{"line":3,"column":23}},"2":{"start":{"line":5,"column":16},"end":{"line":32,"column":1}},"3":{"start":{"line":43,"column":4},"end":{"line":45,"column":5}},"4":{"start":{"line":44,"column":8},"end":{"line":44,"column":51}},"5":{"start":{"line":47,"column":24},"end":{"line":47,"column":49}},"6":{"start":{"line":50,"column":8},"end":{"line":53,"column":10}},"7":{"start":{"line":56,"column":8},"end":{"line":56,"column":28}},"8":{"start":{"line":73,"column":24},"end":{"line":73,"column":49}},"9":{"start":{"line":76,"column":4},"end":{"line":78,"column":5}},"10":{"start":{"line":77,"column":8},"end":{"line":77,"column":51}},"11":{"start":{"line":80,"column":24},"end":{"line":80,"column":42}},"12":{"start":{"line":81,"column":30},"end":{"line":81,"column":62}},"13":{"start":{"line":84,"column":4},"end":{"line":86,"column":5}},"14":{"start":{"line":85,"column":8},"end":{"line":85,"column":16}},"15":{"start":{"line":87,"column":4},"end":{"line":87,"column":22}},"16":{"start":{"line":88,"column":4},"end":{"line":88,"column":24}},"17":{"start":{"line":90,"column":4},"end":{"line":90,"column":66}},"18":{"start":{"line":97,"column":4},"end":{"line":97,"column":49}},"19":{"start":{"line":98,"column":4},"end":{"line":98,"column":17}}},"fnMap":{"0":{"name":"loadQuestion","decl":{"start":{"line":35,"column":9},"end":{"line":35,"column":21}},"loc":{"start":{"line":35,"column":38},"end":{"line":57,"column":1}},"line":35},"1":{"name":"checkAnswer","decl":{"start":{"line":70,"column":9},"end":{"line":70,"column":20}},"loc":{"start":{"line":70,"column":36},"end":{"line":91,"column":1}},"line":70},"2":{"name":"displayScore","decl":{"start":{"line":95,"column":9},"end":{"line":95,"column":21}},"loc":{"start":{"line":95,"column":23},"end":{"line":99,"column":1}},"line":95}},"branchMap":{"0":{"loc":{"start":{"line":43,"column":4},"end":{"line":45,"column":5}},"type":"if","locations":[{"start":{"line":43,"column":4},"end":{"line":45,"column":5}},{"start":{},"end":{}}],"line":43},"1":{"loc":{"start":{"line":43,"column":8},"end":{"line":43,"column":65}},"type":"binary-expr","locations":[{"start":{"line":43,"column":8},"end":{"line":43,"column":27}},{"start":{"line":43,"column":31},"end":{"line":43,"column":65}}],"line":43},"2":{"loc":{"start":{"line":76,"column":4},"end":{"line":78,"column":5}},"type":"if","locations":[{"start":{"line":76,"column":4},"end":{"line":78,"column":5}},{"start":{},"end":{}}],"line":76},"3":{"loc":{"start":{"line":84,"column":4},"end":{"line":86,"column":5}},"type":"if","locations":[{"start":{"line":84,"column":4},"end":{"line":86,"column":5}},{"start":{},"end":{}}],"line":84}},"s":{"0":1,"1":1,"2":1,"3":2,"4":2,"5":0,"6":0,"7":0,"8":1,"9":1,"10":1,"11":0,"12":0,"13":0,"14":0,"15":0,"16":0,"17":0,"18":0,"19":0},"f":{"0":2,"1":1,"2":0},"b":{"0":[2,0],"1":[2,1],"2":[1,0],"3":[0,0]},"_coverageSchema":"1a1c01bbd47fc00a2c39e90264f33305004495a9","hash":"a020066e7acaa80234e276b45de416fd500b3ce0"}
}
